{"level":"\u001b[33mwarn\u001b[39m","message":"\u001b[33m404 - Route not found: GET /\u001b[39m","timestamp":"2026-03-24 11:32:24:3224"}
{"level":"\u001b[33mwarn\u001b[39m","message":"\u001b[33mGET / 404 - 20ms\u001b[39m","timestamp":"2026-03-24 11:32:24:3224"}
{"level":"\u001b[33mwarn\u001b[39m","message":"\u001b[33m404 - Route not found: GET /api/health\u001b[39m","timestamp":"2026-03-24 11:32:29:3229"}
{"level":"\u001b[33mwarn\u001b[39m","message":"\u001b[33mGET /api/health 404 - 5ms\u001b[39m","timestamp":"2026-03-24 11:32:29:3229"}
{"level":"\u001b[33mwarn\u001b[39m","message":"\u001b[33mPOST /signup 400 - 199ms\u001b[39m","timestamp":"2026-03-24 11:32:39:3239"}
{"level":"\u001b[35mhttp\u001b[39m","message":"\u001b[35mPOST /signup 200 - 168ms\u001b[39m","timestamp":"2026-03-24 11:32:43:3243"}
{"level":"\u001b[33mwarn\u001b[39m","message":"\u001b[33mGET /profile 401 - 56ms\u001b[39m","timestamp":"2026-03-24 11:48:09:489"}
{"level":"\u001b[33mwarn\u001b[39m","message":"\u001b[33mGET /profile 401 - 1ms\u001b[39m","timestamp":"2026-03-24 11:48:09:489"}
{"level":"\u001b[35mhttp\u001b[39m","message":"\u001b[35mOPTIONS /login 200 - 3ms\u001b[39m","timestamp":"2026-03-24 11:49:58:4958"}
{"level":"\u001b[35mhttp\u001b[39m","message":"\u001b[35mOPTIONS /login 200 - 2ms\u001b[39m","timestamp":"2026-03-24 11:50:15:5015"}
{"level":"\u001b[33mwarn\u001b[39m","message":"\u001b[33mGET /profile 401 - 2ms\u001b[39m","timestamp":"2026-03-24 11:50:50:5050"}
{"level":"\u001b[33mwarn\u001b[39m","message":"\u001b[33mGET /profile 401 - 7ms\u001b[39m","timestamp":"2026-03-24 11:50:50:5050"}
{"level":"\u001b[35mhttp\u001b[39m","message":"\u001b[35mGET /monasteries/all 200 - 2530ms\u001b[39m","timestamp":"2026-03-24 11:50:52:5052"}
{"level":"\u001b[35mhttp\u001b[39m","message":"\u001b[35mGET /monasteries/all 304 - 10344ms\u001b[39m","timestamp":"2026-03-24 11:51:03:513"}
{"level":"\u001b[35mhttp\u001b[39m","message":"\u001b[35mOPTIONS /login 204 - 1ms\u001b[39m","timestamp":"2026-03-24 11:51:04:514"}
{"level":"\u001b[35mhttp\u001b[39m","message":"\u001b[35mPOST /login 200 - 199ms\u001b[39m","timestamp":"2026-03-24 11:51:05:515"}
{"level":"\u001b[35mhttp\u001b[39m","message":"\u001b[35mGET /profile 200 - 41ms\u001b[39m","timestamp":"2026-03-24 11:51:05:515"}
{"level":"\u001b[35mhttp\u001b[39m","message":"\u001b[35mGET /monasteries?page=1&limit=12&sortBy=name 304 - 1600ms\u001b[39m","timestamp":"2026-03-24 11:51:12:5112"}
{"level":"\u001b[35mhttp\u001b[39m","message":"\u001b[35mGET /location/my-locations 304 - 117ms\u001b[39m","timestamp":"2026-03-24 11:51:12:5112"}
{"level":"\u001b[35mhttp\u001b[39m","message":"\u001b[35mGET /location/my-locations 304 - 395ms\u001b[39m","timestamp":"2026-03-24 11:51:13:5113"}
{"level":"\u001b[35mhttp\u001b[39m","message":"\u001b[35mGET /monasteries?page=1&limit=12&sortBy=name 304 - 1118ms\u001b[39m","timestamp":"2026-03-24 11:51:13:5113"}
{"level":"\u001b[35mhttp\u001b[39m","message":"\u001b[35mGET /monasteries?page=1&limit=12&sortBy=name 304 - 966ms\u001b[39m","timestamp":"2026-03-24 11:51:17:5117"}
{"level":"\u001b[35mhttp\u001b[39m","message":"\u001b[35mGET /monasteries?page=1&limit=12&sortBy=name 304 - 1103ms\u001b[39m","timestamp":"2026-03-24 11:51:18:5118"}
{"level":"\u001b[35mhttp\u001b[39m","message":"\u001b[35mGET /profile 304 - 78ms\u001b[39m","timestamp":"2026-03-24 11:52:22:5222"}
{"level":"\u001b[35mhttp\u001b[39m","message":"\u001b[35mGET /profile 304 - 41ms\u001b[39m","timestamp":"2026-03-24 11:52:23:5223"}
{"level":"\u001b[35mhttp\u001b[39m","message":"\u001b[35mGET /monasteries/all 304 - 3817ms\u001b[39m","timestamp":"2026-03-24 11:52:26:5226"}
{"level":"\u001b[35mhttp\u001b[39m","message":"\u001b[35mGET /monasteries/all 304 - 5146ms\u001b[39m","timestamp":"2026-03-24 11:52:31:5231"}
{"level":"\u001b[35mhttp\u001b[39m","message":"\u001b[35mGET /profile 304 - 76ms\u001b[39m","timestamp":"2026-03-24 11:56:33:5633"}
{"level":"\u001b[35mhttp\u001b[39m","message":"\u001b[35mGET /profile 304 - 40ms\u001b[39m","timestamp":"2026-03-24 11:56:33:5633"}
{"level":"\u001b[35mhttp\u001b[39m","message":"\u001b[35mGET /monasteries/all 304 - 1313ms\u001b[39m","timestamp":"2026-03-24 11:56:34:5634"}
{"level":"\u001b[35mhttp\u001b[39m","message":"\u001b[35mGET /monasteries/all 304 - 894ms\u001b[39m","timestamp":"2026-03-24 11:56:35:5635"}
{"level":"\u001b[35mhttp\u001b[39m","message":"\u001b[35mGET /monasteries?page=1&limit=12&sortBy=name&region=East+Sikkim 200 - 125ms\u001b[39m","timestamp":"2026-03-24 11:57:04:574"}
{"level":"\u001b[35mhttp\u001b[39m","message":"\u001b[35mGET /monasteries?page=1&limit=12&sortBy=name&region=East+Sikkim 304 - 88ms\u001b[39m","timestamp":"2026-03-24 11:57:04:574"}
{"level":"\u001b[35mhttp\u001b[39m","message":"\u001b[35mGET /profile 304 - 48ms\u001b[39m","timestamp":"2026-03-24 11:57:26:5726"}
{"level":"\u001b[35mhttp\u001b[39m","message":"\u001b[35mGET /profile 304 - 76ms\u001b[39m","timestamp":"2026-03-24 11:57:26:5726"}
{"level":"\u001b[35mhttp\u001b[39m","message":"\u001b[35mGET /monasteries/all 304 - 3177ms\u001b[39m","timestamp":"2026-03-24 11:57:29:5729"}
{"level":"\u001b[35mhttp\u001b[39m","message":"\u001b[35mGET /monasteries/all 304 - 1878ms\u001b[39m","timestamp":"2026-03-24 11:57:31:5731"}
{"level":"\u001b[35mhttp\u001b[39m","message":"\u001b[35mGET /monasteries?page=1&limit=12&sortBy=name&region=East+Sikkim 304 - 84ms\u001b[39m","timestamp":"2026-03-24 11:57:46:5746"}
{"level":"\u001b[35mhttp\u001b[39m","message":"\u001b[35mGET /monasteries?page=1&limit=12&sortBy=name&region=East+Sikkim 304 - 88ms\u001b[39m","timestamp":"2026-03-24 11:57:46:5746"}
{"level":"\u001b[35mhttp\u001b[39m","message":"\u001b[35mGET /monasteries/69c0f9559468132c87ca8e46 200 - 43ms\u001b[39m","timestamp":"2026-03-24 11:57:50:5750"}
{"level":"\u001b[35mhttp\u001b[39m","message":"\u001b[35mGET /guide/monastery/69c0f9559468132c87ca8e46 200 - 45ms\u001b[39m","timestamp":"2026-03-24 11:57:50:5750"}
{"level":"\u001b[35mhttp\u001b[39m","message":"\u001b[35mGET /monasteries/69c0f9559468132c87ca8e46 304 - 44ms\u001b[39m","timestamp":"2026-03-24 11:57:50:5750"}
{"level":"\u001b[35mhttp\u001b[39m","message":"\u001b[35mGET /guide/monastery/69c0f9559468132c87ca8e46 304 - 43ms\u001b[39m","timestamp":"2026-03-24 11:57:50:5750"}
{"level":"\u001b[35mhttp\u001b[39m","message":"\u001b[35mGET /location/all-active 304 - 105ms\u001b[39m","timestamp":"2026-03-24 11:57:50:5750"}
{"level":"\u001b[35mhttp\u001b[39m","message":"\u001b[35mGET /monasteries/69c0f9559468132c87ca8e46/reviews 200 - 42ms\u001b[39m","timestamp":"2026-03-24 11:57:50:5750"}
{"level":"\u001b[35mhttp\u001b[39m","message":"\u001b[35mGET /location/all-active 304 - 114ms\u001b[39m","timestamp":"2026-03-24 11:57:50:5750"}
{"level":"\u001b[35mhttp\u001b[39m","message":"\u001b[35mGET /monasteries/69c0f9559468132c87ca8e46/reviews 304 - 49ms\u001b[39m","timestamp":"2026-03-24 11:57:50:5750"}
{"level":"\u001b[35mhttp\u001b[39m","message":"\u001b[35mGET /monasteries/69c0f9559468132c87ca8e46/travel-guide 200 - 457ms\u001b[39m","timestamp":"2026-03-24 11:57:51:5751"}
{"level":"\u001b[35mhttp\u001b[39m","message":"\u001b[35mGET /monasteries?page=1&limit=12&sortBy=name 304 - 689ms\u001b[39m","timestamp":"2026-03-24 11:58:30:5830"}
{"level":"\u001b[35mhttp\u001b[39m","message":"\u001b[35mGET /monasteries?page=1&limit=12&sortBy=name 304 - 3141ms\u001b[39m","timestamp":"2026-03-24 11:58:33:5833"}
{"level":"\u001b[35mhttp\u001b[39m","message":"\u001b[35mGET /guide/monastery/69c0f9559468132c87ca8e52 304 - 42ms\u001b[39m","timestamp":"2026-03-24 11:58:38:5838"}
{"level":"\u001b[35mhttp\u001b[39m","message":"\u001b[35mGET /location/all-active 304 - 85ms\u001b[39m","timestamp":"2026-03-24 11:58:38:5838"}
{"level":"\u001b[35mhttp\u001b[39m","message":"\u001b[35mGET /location/all-active 304 - 83ms\u001b[39m","timestamp":"2026-03-24 11:58:38:5838"}
{"level":"\u001b[35mhttp\u001b[39m","message":"\u001b[35mGET /guide/monastery/69c0f9559468132c87ca8e52 304 - 302ms\u001b[39m","timestamp":"2026-03-24 11:58:38:5838"}
{"level":"\u001b[35mhttp\u001b[39m","message":"\u001b[35mGET /monasteries/69c0f9559468132c87ca8e52 304 - 6007ms\u001b[39m","timestamp":"2026-03-24 11:58:44:5844"}
{"level":"\u001b[35mhttp\u001b[39m","message":"\u001b[35mGET /monasteries/69c0f9559468132c87ca8e52 304 - 613ms\u001b[39m","timestamp":"2026-03-24 11:58:44:5844"}
{"level":"\u001b[35mhttp\u001b[39m","message":"\u001b[35mGET /monasteries/69c0f9559468132c87ca8e52/reviews 304 - 80ms\u001b[39m","timestamp":"2026-03-24 11:58:44:5844"}
{"level":"\u001b[35mhttp\u001b[39m","message":"\u001b[35mGET /monasteries/69c0f9559468132c87ca8e52/reviews 304 - 90ms\u001b[39m","timestamp":"2026-03-24 11:58:44:5844"}
{"level":"\u001b[35mhttp\u001b[39m","message":"\u001b[35mGET /monasteries/69c0f9559468132c87ca8e52/travel-guide 304 - 316ms\u001b[39m","timestamp":"2026-03-24 11:58:45:5845"}
{"level":"\u001b[35mhttp\u001b[39m","message":"\u001b[35mOPTIONS /monasteries/69c0f9559468132c87ca8e52/reviews 204 - 1ms\u001b[39m","timestamp":"2026-03-24 11:59:02:592"}
{"level":"\u001b[35mhttp\u001b[39m","message":"\u001b[35mPOST /monasteries/69c0f9559468132c87ca8e52/reviews 200 - 261ms\u001b[39m","timestamp":"2026-03-24 11:59:02:592"}
{"level":"\u001b[35mhttp\u001b[39m","message":"\u001b[35mGET /monasteries/69c0f9559468132c87ca8e52/reviews 200 - 150ms\u001b[39m","timestamp":"2026-03-24 11:59:02:592"}
{"level":"\u001b[35mhttp\u001b[39m","message":"\u001b[35mDELETE /monasteries/69c0f9559468132c87ca8e52/reviews 200 - 101ms\u001b[39m","timestamp":"2026-03-24 11:59:06:596"}
{"level":"\u001b[35mhttp\u001b[39m","message":"\u001b[35mGET /monasteries/69c0f9559468132c87ca8e52/reviews 200 - 67ms\u001b[39m","timestamp":"2026-03-24 11:59:06:596"}
{"level":"\u001b[35mhttp\u001b[39m","message":"\u001b[35mGET /monasteries?page=1&limit=12&sortBy=name 304 - 1226ms\u001b[39m","timestamp":"2026-03-24 11:59:18:5918"}
{"level":"\u001b[35mhttp\u001b[39m","message":"\u001b[35mGET /monasteries?page=1&limit=12&sortBy=name 304 - 751ms\u001b[39m","timestamp":"2026-03-24 11:59:19:5919"}
{"level":"\u001b[35mhttp\u001b[39m","message":"\u001b[35mGET /profile 304 - 55ms\u001b[39m","timestamp":"2026-03-24 11:59:33:5933"}
{"level":"\u001b[35mhttp\u001b[39m","message":"\u001b[35mGET /profile 304 - 46ms\u001b[39m","timestamp":"2026-03-24 11:59:33:5933"}
{"level":"\u001b[35mhttp\u001b[39m","message":"\u001b[35mGET /monasteries/all 304 - 1576ms\u001b[39m","timestamp":"2026-03-24 11:59:34:5934"}
{"level":"\u001b[35mhttp\u001b[39m","message":"\u001b[35mGET /monasteries/all 304 - 1478ms\u001b[39m","timestamp":"2026-03-24 11:59:36:5936"}
{"level":"\u001b[35mhttp\u001b[39m","message":"\u001b[35mGET /contributions/leaderboard?limit=20 304 - 47ms\u001b[39m","timestamp":"2026-03-24 12:01:27:127"}
{"level":"\u001b[35mhttp\u001b[39m","message":"\u001b[35mGET /contributions/leaderboard?limit=20 304 - 42ms\u001b[39m","timestamp":"2026-03-24 12:01:27:127"}
{"level":"\u001b[35mhttp\u001b[39m","message":"\u001b[35mGET /contributions/stats 304 - 278ms\u001b[39m","timestamp":"2026-03-24 12:01:27:127"}
{"level":"\u001b[35mhttp\u001b[39m","message":"\u001b[35mGET /contributions/stats 304 - 268ms\u001b[39m","timestamp":"2026-03-24 12:01:28:128"}
{"level":"\u001b[35mhttp\u001b[39m","message":"\u001b[35mGET /monasteries?page=1&limit=12&sortBy=name 304 - 1356ms\u001b[39m","timestamp":"2026-03-24 12:01:37:137"}
{"level":"\u001b[35mhttp\u001b[39m","message":"\u001b[35mGET /monasteries?page=1&limit=12&sortBy=name 304 - 883ms\u001b[39m","timestamp":"2026-03-24 12:01:38:138"}
{"level":"\u001b[35mhttp\u001b[39m","message":"\u001b[35mGET /location/all-active 304 - 111ms\u001b[39m","timestamp":"2026-03-24 12:01:39:139"}
{"level":"\u001b[35mhttp\u001b[39m","message":"\u001b[35mGET /location/all-active 304 - 97ms\u001b[39m","timestamp":"2026-03-24 12:01:39:139"}
{"level":"\u001b[35mhttp\u001b[39m","message":"\u001b[35mGET /location/my-locations 304 - 123ms\u001b[39m","timestamp":"2026-03-24 12:01:41:141"}
{"level":"\u001b[35mhttp\u001b[39m","message":"\u001b[35mGET /location/my-locations 304 - 88ms\u001b[39m","timestamp":"2026-03-24 12:01:41:141"}
{"level":"\u001b[33mwarn\u001b[39m","message":"\u001b[33mGET /guide/subscription/details 404 - 90ms\u001b[39m","timestamp":"2026-03-24 12:01:43:143"}
{"level":"\u001b[33mwarn\u001b[39m","message":"\u001b[33mGET /guide/my-profile 404 - 180ms\u001b[39m","timestamp":"2026-03-24 12:01:43:143"}
{"level":"\u001b[33mwarn\u001b[39m","message":"\u001b[33mGET /guide/subscription/details 404 - 149ms\u001b[39m","timestamp":"2026-03-24 12:01:43:143"}
{"level":"\u001b[33mwarn\u001b[39m","message":"\u001b[33mGET /guide/my-profile 404 - 164ms\u001b[39m","timestamp":"2026-03-24 12:01:43:143"}
{"level":"\u001b[35mhttp\u001b[39m","message":"\u001b[35mGET /monasteries 304 - 1718ms\u001b[39m","timestamp":"2026-03-24 12:01:46:146"}
{"level":"\u001b[35mhttp\u001b[39m","message":"\u001b[35mGET /monasteries 304 - 3108ms\u001b[39m","timestamp":"2026-03-24 12:01:49:149"}
{"level":"\u001b[35mhttp\u001b[39m","message":"\u001b[35mGET /monasteries?page=1&limit=12&sortBy=name&region=West+Sikkim 200 - 1789ms\u001b[39m","timestamp":"2026-03-24 12:02:14:214"}
{"level":"\u001b[35mhttp\u001b[39m","message":"\u001b[35mGET /monasteries?page=1&limit=12&sortBy=name&region=West+Sikkim 304 - 1074ms\u001b[39m","timestamp":"2026-03-24 12:02:16:216"}
{"level":"\u001b[33mwarn\u001b[39m","message":"\u001b[33mGET /guide/subscription/details 404 - 86ms\u001b[39m","timestamp":"2026-03-24 12:02:38:238"}
{"level":"\u001b[33mwarn\u001b[39m","message":"\u001b[33mGET /guide/my-profile 404 - 98ms\u001b[39m","timestamp":"2026-03-24 12:02:38:238"}
{"level":"\u001b[33mwarn\u001b[39m","message":"\u001b[33mGET /guide/subscription/details 404 - 84ms\u001b[39m","timestamp":"2026-03-24 12:02:38:238"}
{"level":"\u001b[33mwarn\u001b[39m","message":"\u001b[33mGET /guide/my-profile 404 - 91ms\u001b[39m","timestamp":"2026-03-24 12:02:38:238"}
{"level":"\u001b[35mhttp\u001b[39m","message":"\u001b[35mGET /monasteries 304 - 3117ms\u001b[39m","timestamp":"2026-03-24 12:02:42:242"}
{"level":"\u001b[35mhttp\u001b[39m","message":"\u001b[35mGET /monasteries?page=1&limit=12&sortBy=name 304 - 11300ms\u001b[39m","timestamp":"2026-03-24 12:02:53:253"}
{"level":"\u001b[35mhttp\u001b[39m","message":"\u001b[35mGET /monasteries?page=1&limit=12&sortBy=name 304 - 2608ms\u001b[39m","timestamp":"2026-03-24 12:02:55:255"}
{"level":"\u001b[35mhttp\u001b[39m","message":"\u001b[35mGET /monasteries 304 - 13738ms\u001b[39m","timestamp":"2026-03-24 12:02:55:255"}
{"level":"\u001b[33mwarn\u001b[39m","message":"\u001b[33m404 - Route not found: GET /api/profile\u001b[39m","timestamp":"2026-03-24 12:05:28:528"}
{"level":"\u001b[33mwarn\u001b[39m","message":"\u001b[33mGET /api/profile 404 - 8ms\u001b[39m","timestamp":"2026-03-24 12:05:28:528"}
{"level":"\u001b[35mhttp\u001b[39m","message":"\u001b[35mGET /profile 304 - 77ms\u001b[39m","timestamp":"2026-03-24 12:06:18:618"}
{"level":"\u001b[35mhttp\u001b[39m","message":"\u001b[35mGET /profile 304 - 58ms\u001b[39m","timestamp":"2026-03-24 12:06:18:618"}
{"level":"\u001b[35mhttp\u001b[39m","message":"\u001b[35mGET /monasteries/all 304 - 4378ms\u001b[39m","timestamp":"2026-03-24 12:06:22:622"}
{"level":"\u001b[35mhttp\u001b[39m","message":"\u001b[35mGET /monasteries/all 304 - 5002ms\u001b[39m","timestamp":"2026-03-24 12:06:27:627"}
{"level":"\u001b[33mwarn\u001b[39m","message":"\u001b[33mGET /api/profile 401 - 9ms\u001b[39m","timestamp":"2026-03-24 12:09:07:97"}
{"level":"\u001b[33mwarn\u001b[39m","message":"\u001b[33mGET /profile 401 - 1ms\u001b[39m","timestamp":"2026-03-24 12:09:29:929"}
{"level":"\u001b[35mhttp\u001b[39m","message":"\u001b[35mGET /profile 200 - 72ms\u001b[39m","timestamp":"2026-03-24 12:10:50:1050"}
{"level":"\u001b[35mhttp\u001b[39m","message":"\u001b[35mGET /profile 304 - 52ms\u001b[39m","timestamp":"2026-03-24 12:10:50:1050"}
{"level":"\u001b[35mhttp\u001b[39m","message":"\u001b[35mGET /monasteries/all 304 - 860ms\u001b[39m","timestamp":"2026-03-24 12:10:51:1051"}
{"level":"\u001b[35mhttp\u001b[39m","message":"\u001b[35mGET /monasteries/all 304 - 960ms\u001b[39m","timestamp":"2026-03-24 12:10:52:1052"}
{"level":"\u001b[35mhttp\u001b[39m","message":"\u001b[35mPOST /logout 200 - 3ms\u001b[39m","timestamp":"2026-03-24 12:11:02:112"}
{"level":"\u001b[35mhttp\u001b[39m","message":"\u001b[35mOPTIONS /login 204 - 2ms\u001b[39m","timestamp":"2026-03-24 12:11:18:1118"}
{"level":"\u001b[35mhttp\u001b[39m","message":"\u001b[35mPOST /login 200 - 393ms\u001b[39m","timestamp":"2026-03-24 12:11:18:1118"}
{"level":"\u001b[35mhttp\u001b[39m","message":"\u001b[35mGET /profile 304 - 252ms\u001b[39m","timestamp":"2026-03-24 12:11:18:1118"}
{"level":"\u001b[33mwarn\u001b[39m","message":"\u001b[33mGET /api/profile-new 401 - 9ms\u001b[39m","timestamp":"2026-03-24 12:19:45:1945"}
{"level":"\u001b[35mhttp\u001b[39m","message":"\u001b[35mGET /profile 304 - 158ms\u001b[39m","timestamp":"2026-03-24 12:47:22:4722"}
{"level":"\u001b[35mhttp\u001b[39m","message":"\u001b[35mGET /profile 304 - 91ms\u001b[39m","timestamp":"2026-03-24 12:47:22:4722"}
{"level":"\u001b[35mhttp\u001b[39m","message":"\u001b[35mGET /monasteries/all 304 - 3238ms\u001b[39m","timestamp":"2026-03-24 12:47:25:4725"}
{"level":"\u001b[35mhttp\u001b[39m","message":"\u001b[35mGET /monasteries/all 304 - 5008ms\u001b[39m","timestamp":"2026-03-24 12:47:30:4730"}
{"level":"\u001b[35mhttp\u001b[39m","message":"\u001b[35mGET /monasteries?page=1&limit=12&sortBy=name 304 - 1315ms\u001b[39m","timestamp":"2026-03-24 12:47:30:4730"}
{"level":"\u001b[35mhttp\u001b[39m","message":"\u001b[35mGET /monasteries?page=1&limit=12&sortBy=name 304 - 1888ms\u001b[39m","timestamp":"2026-03-24 12:47:32:4732"}
{"level":"\u001b[35mhttp\u001b[39m","message":"\u001b[35mPOST /logout 200 - 3ms\u001b[39m","timestamp":"2026-03-24 12:47:51:4751"}
{"level":"\u001b[35mhttp\u001b[39m","message":"\u001b[35mOPTIONS /login 204 - 1ms\u001b[39m","timestamp":"2026-03-24 12:48:05:485"}
{"level":"\u001b[35mhttp\u001b[39m","message":"\u001b[35mPOST /login 200 - 219ms\u001b[39m","timestamp":"2026-03-24 12:48:05:485"}
{"level":"\u001b[35mhttp\u001b[39m","message":"\u001b[35mGET /profile 304 - 46ms\u001b[39m","timestamp":"2026-03-24 12:48:05:485"}
{"level":"\u001b[33mwarn\u001b[39m","message":"\u001b[33mGET /api/profile-new 401 - 10ms\u001b[39m","timestamp":"2026-03-24 12:51:41:5141"}
{"level":"\u001b[33mwarn\u001b[39m","message":"\u001b[33m404 - Route not found: GET /profile-new\u001b[39m","timestamp":"2026-03-24 13:02:30:230"}
{"level":"\u001b[33mwarn\u001b[39m","message":"\u001b[33mGET /profile-new 404 - 44ms\u001b[39m","timestamp":"2026-03-24 13:02:30:230"}
{"level":"\u001b[33mwarn\u001b[39m","message":"\u001b[33m404 - Route not found: GET /profile-new\u001b[39m","timestamp":"2026-03-24 13:02:30:230"}
{"level":"\u001b[33mwarn\u001b[39m","message":"\u001b[33mGET /profile-new 404 - 9ms\u001b[39m","timestamp":"2026-03-24 13:02:30:230"}
{"level":"\u001b[35mhttp\u001b[39m","message":"\u001b[35mGET /monasteries/all 304 - 3429ms\u001b[39m","timestamp":"2026-03-24 13:02:34:234"}
{"level":"\u001b[35mhttp\u001b[39m","message":"\u001b[35mGET /monasteries/all 304 - 2278ms\u001b[39m","timestamp":"2026-03-24 13:02:36:236"}
{"level":"\u001b[35mhttp\u001b[39m","message":"\u001b[35mOPTIONS /login 204 - 0ms\u001b[39m","timestamp":"2026-03-24 13:02:46:246"}
{"level":"\u001b[35mhttp\u001b[39m","message":"\u001b[35mPOST /login 200 - 258ms\u001b[39m","timestamp":"2026-03-24 13:02:46:246"}
{"level":"\u001b[33mwarn\u001b[39m","message":"\u001b[33m404 - Route not found: GET /profile-new\u001b[39m","timestamp":"2026-03-24 13:02:46:246"}
{"level":"\u001b[33mwarn\u001b[39m","message":"\u001b[33mGET /profile-new 404 - 1ms\u001b[39m","timestamp":"2026-03-24 13:02:46:246"}
{"level":"\u001b[35mhttp\u001b[39m","message":"\u001b[35mOPTIONS /login 204 - 0ms\u001b[39m","timestamp":"2026-03-24 13:03:06:36"}
{"level":"\u001b[35mhttp\u001b[39m","message":"\u001b[35mPOST /login 200 - 169ms\u001b[39m","timestamp":"2026-03-24 13:03:06:36"}
{"level":"\u001b[33mwarn\u001b[39m","message":"\u001b[33m404 - Route not found: GET /profile-new\u001b[39m","timestamp":"2026-03-24 13:03:06:36"}
{"level":"\u001b[33mwarn\u001b[39m","message":"\u001b[33mGET /profile-new 404 - 1ms\u001b[39m","timestamp":"2026-03-24 13:03:06:36"}
{"level":"\u001b[35mhttp\u001b[39m","message":"\u001b[35mGET /monasteries/all 304 - 3154ms\u001b[39m","timestamp":"2026-03-24 13:03:41:341"}
{"level":"\u001b[35mhttp\u001b[39m","message":"\u001b[35mGET /monasteries/all 304 - 3179ms\u001b[39m","timestamp":"2026-03-24 13:03:45:345"}
{"level":"\u001b[35mhttp\u001b[39m","message":"\u001b[35mGET /monasteries/all 304 - 2284ms\u001b[39m","timestamp":"2026-03-24 13:03:47:347"}
{"level":"\u001b[35mhttp\u001b[39m","message":"\u001b[35mGET /monasteries/all 304 - 2375ms\u001b[39m","timestamp":"2026-03-24 13:03:49:349"}
{"level":"\u001b[33mwarn\u001b[39m","message":"\u001b[33mGET /api/profile-new 401 - 3ms\u001b[39m","timestamp":"2026-03-24 13:04:58:458"}
{"level":"\u001b[35mhttp\u001b[39m","message":"\u001b[35mOPTIONS /login 204 - 1ms\u001b[39m","timestamp":"2026-03-24 13:05:41:541"}
{"level":"\u001b[35mhttp\u001b[39m","message":"\u001b[35mPOST /login 200 - 184ms\u001b[39m","timestamp":"2026-03-24 13:05:41:541"}
{"level":"\u001b[35mhttp\u001b[39m","message":"\u001b[35mGET /api/profile-new 200 - 120ms\u001b[39m","timestamp":"2026-03-24 13:05:41:541"}
{"level":"\u001b[35mhttp\u001b[39m","message":"\u001b[35mGET /api/profile-new 304 - 371ms\u001b[39m","timestamp":"2026-03-24 13:21:26:2126"}
{"level":"\u001b[35mhttp\u001b[39m","message":"\u001b[35mGET /api/profile-new 304 - 290ms\u001b[39m","timestamp":"2026-03-24 13:21:26:2126"}
{"level":"\u001b[35mhttp\u001b[39m","message":"\u001b[35mGET /api/profile-new 304 - 106ms\u001b[39m","timestamp":"2026-03-24 13:21:29:2129"}
{"level":"\u001b[35mhttp\u001b[39m","message":"\u001b[35mGET /api/profile-new 304 - 136ms\u001b[39m","timestamp":"2026-03-24 13:21:29:2129"}
{"level":"\u001b[35mhttp\u001b[39m","message":"\u001b[35mGET /monasteries/all 200 - 3909ms\u001b[39m","timestamp":"2026-03-24 13:21:37:2137"}
{"level":"\u001b[35mhttp\u001b[39m","message":"\u001b[35mGET /monasteries/all 304 - 4745ms\u001b[39m","timestamp":"2026-03-24 13:21:38:2138"}
{"level":"\u001b[35mhttp\u001b[39m","message":"\u001b[35mGET /monasteries/all 304 - 3437ms\u001b[39m","timestamp":"2026-03-24 13:21:41:2141"}
{"level":"\u001b[35mhttp\u001b[39m","message":"\u001b[35mOPTIONS /api/profile-new 204 - 0ms\u001b[39m","timestamp":"2026-03-24 13:21:47:2147"}
{"level":"\u001b[35mhttp\u001b[39m","message":"\u001b[35mPATCH /api/profile-new 200 - 107ms\u001b[39m","timestamp":"2026-03-24 13:21:47:2147"}
{"level":"\u001b[35mhttp\u001b[39m","message":"\u001b[35mOPTIONS /api/profile-new 204 - 1ms\u001b[39m","timestamp":"2026-03-24 13:21:57:2157"}
{"level":"\u001b[35mhttp\u001b[39m","message":"\u001b[35mPATCH /api/profile-new 200 - 2312ms\u001b[39m","timestamp":"2026-03-24 13:21:59:2159"}
{"level":"\u001b[35mhttp\u001b[39m","message":"\u001b[35mPOST /logout 200 - 3ms\u001b[39m","timestamp":"2026-03-24 13:22:40:2240"}
{"level":"\u001b[35mhttp\u001b[39m","message":"\u001b[35mOPTIONS /login 204 - 1ms\u001b[39m","timestamp":"2026-03-24 13:22:56:2256"}
{"level":"\u001b[35mhttp\u001b[39m","message":"\u001b[35mPOST /login 200 - 500ms\u001b[39m","timestamp":"2026-03-24 13:22:56:2256"}
{"level":"\u001b[35mhttp\u001b[39m","message":"\u001b[35mGET /api/profile-new 200 - 424ms\u001b[39m","timestamp":"2026-03-24 13:22:57:2257"}
{"level":"\u001b[35mhttp\u001b[39m","message":"\u001b[35mGET /api/profile-new?_t=1774342537809 200 - 108ms\u001b[39m","timestamp":"2026-03-24 14:25:37:2537"}
{"level":"\u001b[35mhttp\u001b[39m","message":"\u001b[35mGET /api/profile-new?_t=1774342537809 304 - 143ms\u001b[39m","timestamp":"2026-03-24 14:25:38:2538"}
{"level":"\u001b[35mhttp\u001b[39m","message":"\u001b[35mGET /api/profile-new?_t=1774342540604 200 - 118ms\u001b[39m","timestamp":"2026-03-24 14:25:40:2540"}
{"level":"\u001b[35mhttp\u001b[39m","message":"\u001b[35mGET /api/profile-new?_t=1774342540604 304 - 363ms\u001b[39m","timestamp":"2026-03-24 14:25:41:2541"}
{"level":"\u001b[35mhttp\u001b[39m","message":"\u001b[35mGET /monasteries/all?_t=1774342540604 200 - 2056ms\u001b[39m","timestamp":"2026-03-24 14:25:42:2542"}
{"level":"\u001b[35mhttp\u001b[39m","message":"\u001b[35mGET /monasteries/all?_t=1774342540604 304 - 1449ms\u001b[39m","timestamp":"2026-03-24 14:25:44:2544"}
{"level":"\u001b[35mhttp\u001b[39m","message":"\u001b[35mGET /monasteries/all?_t=1774342537809 304 - 1381ms\u001b[39m","timestamp":"2026-03-24 14:25:44:2544"}
{"level":"\u001b[35mhttp\u001b[39m","message":"\u001b[35mPOST /logout 200 - 2ms\u001b[39m","timestamp":"2026-03-24 14:25:46:2546"}
{"level":"\u001b[35mhttp\u001b[39m","message":"\u001b[35mOPTIONS /login 204 - 1ms\u001b[39m","timestamp":"2026-03-24 14:26:03:263"}
{"level":"\u001b[35mhttp\u001b[39m","message":"\u001b[35mPOST /login 200 - 194ms\u001b[39m","timestamp":"2026-03-24 14:26:03:263"}
{"level":"\u001b[35mhttp\u001b[39m","message":"\u001b[35mGET /api/profile-new?_t=1774342563365 200 - 82ms\u001b[39m","timestamp":"2026-03-24 14:26:03:263"}
{"level":"\u001b[35mhttp\u001b[39m","message":"\u001b[35mGET /api/profile-new?_t=1774343145326 200 - 112ms\u001b[39m","timestamp":"2026-03-24 14:35:45:3545"}
{"level":"\u001b[35mhttp\u001b[39m","message":"\u001b[35mGET /api/profile-new?_t=1774343145326 304 - 144ms\u001b[39m","timestamp":"2026-03-24 14:35:45:3545"}
{"level":"\u001b[35mhttp\u001b[39m","message":"\u001b[35mGET /monasteries/all?_t=1774343145326 200 - 724ms\u001b[39m","timestamp":"2026-03-24 14:35:46:3546"}
{"level":"\u001b[35mhttp\u001b[39m","message":"\u001b[35mGET /monasteries/all?_t=1774343145326 304 - 592ms\u001b[39m","timestamp":"2026-03-24 14:35:46:3546"}
{"level":"\u001b[35mhttp\u001b[39m","message":"\u001b[35mPOST /logout 200 - 2ms\u001b[39m","timestamp":"2026-03-24 14:35:56:3556"}
{"level":"\u001b[33mwarn\u001b[39m","message":"\u001b[33mGET /api/profile-new?_t=1774343164405 401 - 4ms\u001b[39m","timestamp":"2026-03-24 14:36:04:364"}
{"level":"\u001b[33mwarn\u001b[39m","message":"\u001b[33mGET /api/profile-new?_t=1774343164405 401 - 18ms\u001b[39m","timestamp":"2026-03-24 14:36:04:364"}
{"level":"\u001b[35mhttp\u001b[39m","message":"\u001b[35mGET /monasteries/all?_t=1774343164405 200 - 1671ms\u001b[39m","timestamp":"2026-03-24 14:36:06:366"}
{"level":"\u001b[35mhttp\u001b[39m","message":"\u001b[35mGET /monasteries/all?_t=1774343164405 304 - 1274ms\u001b[39m","timestamp":"2026-03-24 14:36:07:367"}
{"level":"\u001b[35mhttp\u001b[39m","message":"\u001b[35mOPTIONS /login 204 - 1ms\u001b[39m","timestamp":"2026-03-24 14:36:21:3621"}
{"level":"\u001b[35mhttp\u001b[39m","message":"\u001b[35mPOST /login 200 - 262ms\u001b[39m","timestamp":"2026-03-24 14:36:22:3622"}
{"level":"\u001b[35mhttp\u001b[39m","message":"\u001b[35mGET /api/profile-new?_t=1774343182131 200 - 75ms\u001b[39m","timestamp":"2026-03-24 14:36:22:3622"}
{"level":"\u001b[35mhttp\u001b[39m","message":"\u001b[35mPOST /logout 200 - 3ms\u001b[39m","timestamp":"2026-03-24 14:36:41:3641"}
{"level":"\u001b[35mhttp\u001b[39m","message":"\u001b[35mOPTIONS /signup 204 - 1ms\u001b[39m","timestamp":"2026-03-24 14:36:59:3659"}
{"level":"\u001b[33mwarn\u001b[39m","message":"\u001b[33mPOST /signup 400 - 2675ms\u001b[39m","timestamp":"2026-03-24 14:37:02:372"}
{"level":"\u001b[35mhttp\u001b[39m","message":"\u001b[35mOPTIONS /signup 204 - 0ms\u001b[39m","timestamp":"2026-03-24 14:37:10:3710"}
{"level":"\u001b[35mhttp\u001b[39m","message":"\u001b[35mPOST /signup 200 - 750ms\u001b[39m","timestamp":"2026-03-24 14:37:10:3710"}
{"level":"\u001b[35mhttp\u001b[39m","message":"\u001b[35mGET /api/profile-new?_t=1774343230802 200 - 1150ms\u001b[39m","timestamp":"2026-03-24 14:37:11:3711"}
{"level":"\u001b[35mhttp\u001b[39m","message":"\u001b[35mGET /api/profile-new?_t=1774343580806 200 - 206ms\u001b[39m","timestamp":"2026-03-24 14:43:01:431"}
{"level":"\u001b[35mhttp\u001b[39m","message":"\u001b[35mGET /api/profile-new?_t=1774343580807 200 - 395ms\u001b[39m","timestamp":"2026-03-24 14:43:01:431"}
{"level":"\u001b[35mhttp\u001b[39m","message":"\u001b[35mGET /monasteries/all?_t=1774343580806 200 - 1696ms\u001b[39m","timestamp":"2026-03-24 14:43:02:432"}
{"level":"\u001b[35mhttp\u001b[39m","message":"\u001b[35mGET /monasteries/all?_t=1774343580807 200 - 2013ms\u001b[39m","timestamp":"2026-03-24 14:43:02:432"}
{"level":"\u001b[35mhttp\u001b[39m","message":"\u001b[35mOPTIONS /api/profile-new 204 - 0ms\u001b[39m","timestamp":"2026-03-24 14:43:12:4312"}
{"level":"\u001b[35mhttp\u001b[39m","message":"\u001b[35mPATCH /api/profile-new 200 - 100ms\u001b[39m","timestamp":"2026-03-24 14:43:12:4312"}
{"level":"\u001b[35mhttp\u001b[39m","message":"\u001b[35mPOST /logout 200 - 2ms\u001b[39m","timestamp":"2026-03-24 14:43:21:4321"}
{"level":"\u001b[35mhttp\u001b[39m","message":"\u001b[35mOPTIONS /signup 204 - 1ms\u001b[39m","timestamp":"2026-03-24 14:43:40:4340"}
{"level":"\u001b[35mhttp\u001b[39m","message":"\u001b[35mPOST /signup 200 - 186ms\u001b[39m","timestamp":"2026-03-24 14:43:41:4341"}
{"level":"\u001b[35mhttp\u001b[39m","message":"\u001b[35mGET /api/profile-new?_t=1774343621052 200 - 79ms\u001b[39m","timestamp":"2026-03-24 14:43:41:4341"}
{"level":"\u001b[35mhttp\u001b[39m","message":"\u001b[35mGET /monasteries?page=1&limit=12&sortBy=name&region=East+Sikkim&_t=1774343642997 200 - 96ms\u001b[39m","timestamp":"2026-03-24 14:44:03:443"}
{"level":"\u001b[35mhttp\u001b[39m","message":"\u001b[35mGET /monasteries?page=1&limit=12&sortBy=name&region=East+Sikkim&_t=1774343642997 304 - 87ms\u001b[39m","timestamp":"2026-03-24 14:44:03:443"}
{"level":"\u001b[35mhttp\u001b[39m","message":"\u001b[35mGET /monasteries/69c243211105cbe287e10d58?_t=1774343647942 200 - 52ms\u001b[39m","timestamp":"2026-03-24 14:44:07:447"}
{"level":"\u001b[35mhttp\u001b[39m","message":"\u001b[35mGET /guide/monastery/69c243211105cbe287e10d58?_t=1774343647942 200 - 49ms\u001b[39m","timestamp":"2026-03-24 14:44:08:448"}
{"level":"\u001b[35mhttp\u001b[39m","message":"\u001b[35mGET /guide/monastery/69c243211105cbe287e10d58?_t=1774343647942 304 - 43ms\u001b[39m","timestamp":"2026-03-24 14:44:08:448"}
{"level":"\u001b[35mhttp\u001b[39m","message":"\u001b[35mGET /monasteries/69c243211105cbe287e10d58?_t=1774343647942 304 - 44ms\u001b[39m","timestamp":"2026-03-24 14:44:08:448"}
{"level":"\u001b[35mhttp\u001b[39m","message":"\u001b[35mGET /location/all-active?_t=1774343647942 200 - 100ms\u001b[39m","timestamp":"2026-03-24 14:44:08:448"}
{"level":"\u001b[35mhttp\u001b[39m","message":"\u001b[35mGET /location/all-active?_t=1774343647942 304 - 94ms\u001b[39m","timestamp":"2026-03-24 14:44:08:448"}
{"level":"\u001b[35mhttp\u001b[39m","message":"\u001b[35mGET /monasteries/69c243211105cbe287e10d58/reviews?_t=1774343648132 200 - 64ms\u001b[39m","timestamp":"2026-03-24 14:44:08:448"}
{"level":"\u001b[35mhttp\u001b[39m","message":"\u001b[35mGET /monasteries/69c243211105cbe287e10d58/reviews?_t=1774343648132 304 - 47ms\u001b[39m","timestamp":"2026-03-24 14:44:08:448"}
{"level":"\u001b[35mhttp\u001b[39m","message":"\u001b[35mGET /monasteries/69c243211105cbe287e10d58/travel-guide?_t=1774343648132 200 - 116ms\u001b[39m","timestamp":"2026-03-24 14:44:08:448"}
{"level":"\u001b[35mhttp\u001b[39m","message":"\u001b[35mGET /monasteries?page=1&limit=12&sortBy=name&region=East+Sikkim&_t=1774343668789 200 - 105ms\u001b[39m","timestamp":"2026-03-24 14:44:28:4428"}
{"level":"\u001b[35mhttp\u001b[39m","message":"\u001b[35mGET /monasteries?page=1&limit=12&sortBy=name&region=East+Sikkim&_t=1774343668789 304 - 87ms\u001b[39m","timestamp":"2026-03-24 14:44:28:4428"}
{"level":"\u001b[35mhttp\u001b[39m","message":"\u001b[35mGET /health 200 - 5ms\u001b[39m","timestamp":"2026-03-24 15:24:49:2449"}
{"level":"\u001b[35mhttp\u001b[39m","message":"\u001b[35mGET /api/profile-new?_t=1774346120835 200 - 485ms\u001b[39m","timestamp":"2026-03-24 15:25:21:2521"}
{"level":"\u001b[35mhttp\u001b[39m","message":"\u001b[35mGET /api/profile-new?_t=1774346120835 304 - 347ms\u001b[39m","timestamp":"2026-03-24 15:25:21:2521"}
{"level":"\u001b[35mhttp\u001b[39m","message":"\u001b[35mGET /monasteries/all?_t=1774346120835 200 - 1594ms\u001b[39m","timestamp":"2026-03-24 15:25:22:2522"}
{"level":"\u001b[35mhttp\u001b[39m","message":"\u001b[35mGET /monasteries/all?_t=1774346120835 304 - 205ms\u001b[39m","timestamp":"2026-03-24 15:25:22:2522"}
{"level":"\u001b[35mhttp\u001b[39m","message":"\u001b[35mGET /guide/monastery/69c243211105cbe287e10d69?_t=1774346136088 200 - 109ms\u001b[39m","timestamp":"2026-03-24 15:25:36:2536"}
{"level":"\u001b[35mhttp\u001b[39m","message":"\u001b[35mGET /location/all-active?_t=1774346136088 200 - 417ms\u001b[39m","timestamp":"2026-03-24 15:25:36:2536"}
{"level":"\u001b[35mhttp\u001b[39m","message":"\u001b[35mGET /guide/monastery/69c243211105cbe287e10d69?_t=1774346136088 304 - 306ms\u001b[39m","timestamp":"2026-03-24 15:25:36:2536"}
{"level":"\u001b[35mhttp\u001b[39m","message":"\u001b[35mGET /location/all-active?_t=1774346136088 304 - 390ms\u001b[39m","timestamp":"2026-03-24 15:25:36:2536"}
{"level":"\u001b[35mhttp\u001b[39m","message":"\u001b[35mGET /monasteries/69c243211105cbe287e10d69?_t=1774346136088 200 - 998ms\u001b[39m","timestamp":"2026-03-24 15:25:37:2537"}
{"level":"\u001b[35mhttp\u001b[39m","message":"\u001b[35mGET /monasteries/69c243211105cbe287e10d69?_t=1774346136088 304 - 106ms\u001b[39m","timestamp":"2026-03-24 15:25:37:2537"}
{"level":"\u001b[35mhttp\u001b[39m","message":"\u001b[35mGET /monasteries/69c243211105cbe287e10d69/reviews?_t=1774346137267 200 - 70ms\u001b[39m","timestamp":"2026-03-24 15:25:37:2537"}
{"level":"\u001b[35mhttp\u001b[39m","message":"\u001b[35mGET /monasteries/69c243211105cbe287e10d69/reviews?_t=1774346137267 304 - 81ms\u001b[39m","timestamp":"2026-03-24 15:25:37:2537"}
{"level":"\u001b[35mhttp\u001b[39m","message":"\u001b[35mGET /monasteries/69c243211105cbe287e10d69/travel-guide?_t=1774346137267 200 - 1534ms\u001b[39m","timestamp":"2026-03-24 15:25:38:2538"}
{"level":"\u001b[33mwarn\u001b[39m","message":"\u001b[33mGET /guide/my-profile?_t=1774346148219 404 - 164ms\u001b[39m","timestamp":"2026-03-24 15:25:48:2548"}
{"level":"\u001b[33mwarn\u001b[39m","message":"\u001b[33mGET /guide/subscription/details?_t=1774346148219 404 - 161ms\u001b[39m","timestamp":"2026-03-24 15:25:48:2548"}
{"level":"\u001b[33mwarn\u001b[39m","message":"\u001b[33mGET /guide/my-profile?_t=1774346148219 404 - 326ms\u001b[39m","timestamp":"2026-03-24 15:25:48:2548"}
{"level":"\u001b[33mwarn\u001b[39m","message":"\u001b[33mGET /guide/subscription/details?_t=1774346148219 404 - 325ms\u001b[39m","timestamp":"2026-03-24 15:25:48:2548"}
{"level":"\u001b[35mhttp\u001b[39m","message":"\u001b[35mGET /monasteries?_t=1774346149017 200 - 474ms\u001b[39m","timestamp":"2026-03-24 15:25:49:2549"}
{"level":"\u001b[35mhttp\u001b[39m","message":"\u001b[35mGET /monasteries?_t=1774346149017 304 - 279ms\u001b[39m","timestamp":"2026-03-24 15:25:49:2549"}
{"level":"\u001b[35mhttp\u001b[39m","message":"\u001b[35mGET /api/profile-new?_t=1774346302813 200 - 124ms\u001b[39m","timestamp":"2026-03-24 15:28:23:2823"}
{"level":"\u001b[35mhttp\u001b[39m","message":"\u001b[35mGET /api/profile-new?_t=1774346302813 304 - 139ms\u001b[39m","timestamp":"2026-03-24 15:28:23:2823"}
{"level":"\u001b[35mhttp\u001b[39m","message":"\u001b[35mGET /monasteries/all?_t=1774346302813 304 - 205ms\u001b[39m","timestamp":"2026-03-24 15:28:23:2823"}
{"level":"\u001b[35mhttp\u001b[39m","message":"\u001b[35mGET /monasteries/all?_t=1774346302813 200 - 782ms\u001b[39m","timestamp":"2026-03-24 15:28:23:2823"}
{"level":"\u001b[35mhttp\u001b[39m","message":"\u001b[35mGET /monasteries?_t=1774346303155 200 - 972ms\u001b[39m","timestamp":"2026-03-24 15:28:24:2824"}
{"level":"\u001b[35mhttp\u001b[39m","message":"\u001b[35mGET /monasteries?_t=1774346303251 200 - 957ms\u001b[39m","timestamp":"2026-03-24 15:28:24:2824"}
{"level":"\u001b[35mhttp\u001b[39m","message":"\u001b[35mGET /api/profile-new?_t=1774346850790 200 - 542ms\u001b[39m","timestamp":"2026-03-24 15:37:31:3731"}
{"level":"\u001b[35mhttp\u001b[39m","message":"\u001b[35mGET /api/profile-new?_t=1774346850790 304 - 448ms\u001b[39m","timestamp":"2026-03-24 15:37:32:3732"}
{"level":"\u001b[35mhttp\u001b[39m","message":"\u001b[35mGET /api/profile-new?_t=1774346850790 200 - 518ms\u001b[39m","timestamp":"2026-03-24 15:37:32:3732"}
{"level":"\u001b[35mhttp\u001b[39m","message":"\u001b[35mGET /monasteries/all?_t=1774346850790 304 - 659ms\u001b[39m","timestamp":"2026-03-24 15:37:33:3733"}
{"level":"\u001b[35mhttp\u001b[39m","message":"\u001b[35mOPTIONS /login 200 - 4ms\u001b[39m","timestamp":"2026-03-24 15:37:52:3752"}
{"level":"\u001b[35mhttp\u001b[39m","message":"\u001b[35mGET /health 200 - 4ms\u001b[39m","timestamp":"2026-03-24 15:37:57:3757"}
{"level":"\u001b[35mhttp\u001b[39m","message":"\u001b[35mOPTIONS /login 200 - 2ms\u001b[39m","timestamp":"2026-03-24 15:38:21:3821"}
